------------------------------------------------------------------------------------------------------------------------

[2023-04-02 16:39:06 #1 store] 
Database 'C:\Users\benat\OneDrive\Escritorio\Github\Bets21\src\main\resources\bets.temp' has been recovered (tr. 1-6)

[2023-04-02 16:39:06 #2 store] 
Database 'C:\Users\benat\OneDrive\Escritorio\Github\Bets21\src\main\resources\bets.temp' is opened by 13928@DESKTOP-6QLFFDG

[2023-04-02 16:39:24 #3 store] 
Database 'C:\Users\benat\OneDrive\Escritorio\Github\Bets21\src\main\resources\bets.temp' is closed by 13928@DESKTOP-6QLFFDG

------------------------------------------------------------------------------------------------------------------------

[2023-04-02 17:53:03 #1 store] 
Database 'C:\Users\benat\OneDrive\Escritorio\Github\Bets21\src\main\resources\bets.temp' has been recovered (tr. 1-6)

[2023-04-02 17:53:03 #2 store] 
Database 'C:\Users\benat\OneDrive\Escritorio\Github\Bets21\src\main\resources\bets.temp' is opened by 11872@DESKTOP-6QLFFDG

[2023-04-02 17:53:18 #3 store] 
Database 'C:\Users\benat\OneDrive\Escritorio\Github\Bets21\src\main\resources\bets.temp' is closed by 11872@DESKTOP-6QLFFDG

------------------------------------------------------------------------------------------------------------------------

[2023-04-02 18:02:28 #1 store] 
Database 'C:\Users\benat\OneDrive\Escritorio\Github\Bets21\src\main\resources\bets.temp' has been recovered (tr. 1-7)

[2023-04-02 18:02:28 #2 store] 
Database 'C:\Users\benat\OneDrive\Escritorio\Github\Bets21\src\main\resources\bets.temp' is opened by 17128@DESKTOP-6QLFFDG

[2023-04-02 18:04:52 #3 store] 
Database 'C:\Users\benat\OneDrive\Escritorio\Github\Bets21\src\main\resources\bets.temp' is closed by 17128@DESKTOP-6QLFFDG

